c:\users\user\desktop\mh_project\mh_project\engine\utility\include\release\vc140.pdb
c:\users\user\desktop\mh_project\mh_project\engine\utility\include\release\optimization.obj
c:\users\user\desktop\mh_project\mh_project\engine\utility\include\release\navimesh.obj
c:\users\user\desktop\mh_project\mh_project\engine\utility\include\release\line.obj
c:\users\user\desktop\mh_project\mh_project\engine\utility\include\release\lightmgr.obj
c:\users\user\desktop\mh_project\mh_project\engine\utility\include\release\light.obj
c:\users\user\desktop\mh_project\mh_project\engine\utility\include\release\hierachyloader.obj
c:\users\user\desktop\mh_project\mh_project\engine\utility\include\release\frustum.obj
c:\users\user\desktop\mh_project\mh_project\engine\utility\include\release\dynamicmesh.obj
c:\users\user\desktop\mh_project\mh_project\engine\utility\include\release\cubetex.obj
c:\users\user\desktop\mh_project\mh_project\engine\utility\include\release\component.obj
c:\users\user\desktop\mh_project\mh_project\engine\utility\include\release\cell.obj
c:\users\user\desktop\mh_project\mh_project\engine\utility\include\release\calculator.obj
c:\users\user\desktop\mh_project\mh_project\engine\utility\include\release\anictrl.obj
c:\users\user\desktop\mh_project\mh_project\engine\utility\include\release\vibuffer.obj
c:\users\user\desktop\mh_project\mh_project\engine\utility\include\release\tricol.obj
c:\users\user\desktop\mh_project\mh_project\engine\utility\include\release\transform.obj
c:\users\user\desktop\mh_project\mh_project\engine\utility\include\release\trail.obj
c:\users\user\desktop\mh_project\mh_project\engine\utility\include\release\texture.obj
c:\users\user\desktop\mh_project\mh_project\engine\utility\include\release\terraintex.obj
c:\users\user\desktop\mh_project\mh_project\engine\utility\include\release\staticmesh.obj
c:\users\user\desktop\mh_project\mh_project\engine\utility\include\release\shader.obj
c:\users\user\desktop\mh_project\mh_project\engine\utility\include\release\rendertargetmgr.obj
c:\users\user\desktop\mh_project\mh_project\engine\utility\include\release\rctex.obj
c:\users\user\desktop\mh_project\mh_project\engine\utility\include\release\quadtree.obj
c:\users\user\desktop\mh_project\mh_project\engine\utility\include\release\protomgr.obj
c:\users\user\desktop\mh_project\mh_project\engine\utility\include\release\rendertarget.obj
c:\users\user\desktop\mh_project\mh_project\engine\utility\include\release\boxcollider.obj
c:\users\user\desktop\mh_project\mh_project\engine\utility\include\release\scene.obj
c:\users\user\desktop\mh_project\mh_project\engine\utility\include\release\renderer.obj
c:\users\user\desktop\mh_project\mh_project\engine\utility\include\release\management.obj
c:\users\user\desktop\mh_project\mh_project\engine\utility\include\release\layer.obj
c:\users\user\desktop\mh_project\mh_project\engine\utility\include\release\mfc_objectmanager.obj
c:\users\user\desktop\mh_project\mh_project\engine\utility\include\release\gameobject.obj
c:\users\user\desktop\mh_project\mh_project\engine\utility\include\release\collider.obj
c:\users\user\desktop\mh_project\mh_project\engine\utility\include\release\camera.obj
c:\users\user\desktop\mh_project\mh_project\engine\utility\bin\shader_damagefont.cso
c:\users\user\desktop\mh_project\mh_project\engine\utility\bin\shader_stagemesh.cso
c:\users\user\desktop\mh_project\mh_project\engine\utility\bin\utility.lib
c:\users\user\desktop\mh_project\mh_project\engine\utility\bin\utility.exp
c:\users\user\desktop\mh_project\mh_project\engine\utility\include\release\utility.tlog\cl.command.1.tlog
c:\users\user\desktop\mh_project\mh_project\engine\utility\include\release\utility.tlog\cl.read.1.tlog
c:\users\user\desktop\mh_project\mh_project\engine\utility\include\release\utility.tlog\cl.write.1.tlog
c:\users\user\desktop\mh_project\mh_project\engine\utility\include\release\utility.tlog\fxc.command.1.tlog
c:\users\user\desktop\mh_project\mh_project\engine\utility\include\release\utility.tlog\fxc.read.1.tlog
c:\users\user\desktop\mh_project\mh_project\engine\utility\include\release\utility.tlog\fxc.write.1.tlog
c:\users\user\desktop\mh_project\mh_project\engine\utility\include\release\utility.tlog\link.command.1.tlog
c:\users\user\desktop\mh_project\mh_project\engine\utility\include\release\utility.tlog\link.read.1.tlog
c:\users\user\desktop\mh_project\mh_project\engine\utility\include\release\utility.tlog\link.write.1.tlog
c:\users\user\desktop\mh_project\mh_project\engine\utility\include\release\utility.tlog\utility.write.1u.tlog
