FXC : warning X4717: Effects deprecated for D3DCompiler_47
  
  compilation object save succeeded; see C:\Users\USER\Desktop\MH_Project\MH_Project\Engine\Utility\Bin\Shader_DamageFont.cso
FXC : warning X4717: Effects deprecated for D3DCompiler_47
  
  compilation object save succeeded; see C:\Users\USER\Desktop\MH_Project\MH_Project\Engine\Utility\Bin\Shader_Normal.cso
FXC : warning X4717: Effects deprecated for D3DCompiler_47
  
  compilation object save succeeded; see C:\Users\USER\Desktop\MH_Project\MH_Project\Engine\Utility\Bin\Shader_StageMesh.cso
  VIBuffer.cpp
  TriCol.cpp
  Transform.cpp
  Trail.cpp
  Texture.cpp
  TerrainTex.cpp
  StaticMesh.cpp
  Shader.cpp
  Scene.cpp
  RenderTargetMgr.cpp
  RenderTarget.cpp
  Renderer.cpp
  RcTex.cpp
  QuadTree.cpp
  ProtoMgr.cpp
  Optimization.cpp
  Navimesh.cpp
  Management.cpp
  Layer.cpp
  MFC_ObjectManager.cpp
  코드를 생성하고 있습니다...
c:\users\user\desktop\mh_project\mh_project\engine\utility\codes\anictrl.h(20): warning C4172: 지역 변수 또는 임시의 주소를 반환하고 있습니다.
c:\users\user\desktop\mh_project\mh_project\engine\utility\codes\management.cpp(233): warning C4172: 지역 변수 또는 임시의 주소를 반환하고 있습니다.
c:\users\user\desktop\mh_project\mh_project\engine\utility\codes\management.cpp(241): warning C4172: 지역 변수 또는 임시의 주소를 반환하고 있습니다.
c:\users\user\desktop\mh_project\mh_project\engine\utility\codes\management.cpp(257): warning C4172: 지역 변수 또는 임시의 주소를 반환하고 있습니다.
c:\users\user\desktop\mh_project\mh_project\engine\utility\codes\management.cpp(261): warning C4172: 지역 변수 또는 임시의 주소를 반환하고 있습니다.
c:\users\user\desktop\mh_project\mh_project\engine\utility\codes\anictrl.h(20): warning C4172: 지역 변수 또는 임시의 주소를 반환하고 있습니다.
  컴파일하고 있습니다...
  Line.cpp
  LightMgr.cpp
  Light.cpp
  HierachyLoader.cpp
  GameObject.cpp
  Frustum.cpp
  DynamicMesh.cpp
  CubeTex.cpp
  Component.cpp
  Collider.cpp
  Cell.cpp
  Camera.cpp
  Calculator.cpp
  BoxCollider.cpp
  AniCtrl.cpp
  코드를 생성하고 있습니다...
c:\users\user\desktop\mh_project\mh_project\engine\utility\codes\anictrl.h(20): warning C4172: 지역 변수 또는 임시의 주소를 반환하고 있습니다.
c:\users\user\desktop\mh_project\mh_project\engine\utility\codes\cell.cpp(34): warning C4172: 지역 변수 또는 임시의 주소를 반환하고 있습니다.
c:\users\user\desktop\mh_project\mh_project\engine\utility\codes\cell.cpp(45): warning C4172: 지역 변수 또는 임시의 주소를 반환하고 있습니다.
c:\users\user\desktop\mh_project\mh_project\engine\utility\codes\cell.cpp(50): warning C4172: 지역 변수 또는 임시의 주소를 반환하고 있습니다.
c:\users\user\desktop\mh_project\mh_project\engine\utility\codes\anictrl.h(20): warning C4172: 지역 변수 또는 임시의 주소를 반환하고 있습니다.
  Utility.vcxproj -> C:\Users\USER\Desktop\MH_Project\MH_Project\Engine\Utility\Include\../Bin\Utility.dll
  Utility.vcxproj -> ../Bin\Utility.pdb (Full PDB)
  .\Engine\Utility\Codes\AniCtrl.h
  .\Engine\Utility\Codes\BoxCollider.h
  .\Engine\Utility\Codes\Calculator.h
  .\Engine\Utility\Codes\Camera.h
  .\Engine\Utility\Codes\Cell.h
  .\Engine\Utility\Codes\Collider.h
  .\Engine\Utility\Codes\Component.h
  .\Engine\Utility\Codes\CubeTex.h
  .\Engine\Utility\Codes\DynamicMesh.h
  .\Engine\Utility\Codes\Frustum.h
  .\Engine\Utility\Codes\GameObject.h
  .\Engine\Utility\Codes\HierachyLoader.h
  .\Engine\Utility\Codes\Layer.h
  .\Engine\Utility\Codes\Light.h
  .\Engine\Utility\Codes\LightMgr.h
  .\Engine\Utility\Codes\Line.h
  .\Engine\Utility\Codes\Management.h
  .\Engine\Utility\Codes\MFC_ObjectManager.h
  .\Engine\Utility\Codes\Navimesh.h
  .\Engine\Utility\Codes\Optimization.h
  .\Engine\Utility\Codes\ProtoMgr.h
  .\Engine\Utility\Codes\QuadTree.h
  .\Engine\Utility\Codes\RcTex.h
  .\Engine\Utility\Codes\Renderer.h
  .\Engine\Utility\Codes\RenderTarget.h
  .\Engine\Utility\Codes\RenderTargetMgr.h
  .\Engine\Utility\Codes\Scene.h
  .\Engine\Utility\Codes\Shader.h
  .\Engine\Utility\Codes\StaticMesh.h
  .\Engine\Utility\Codes\TerrainTex.h
  .\Engine\Utility\Codes\Texture.h
  .\Engine\Utility\Codes\Trail.h
  .\Engine\Utility\Codes\Transform.h
  .\Engine\Utility\Codes\TriCol.h
  .\Engine\Utility\Codes\VIBuffer.h
         35개 파일이 복사되었습니다.
  .\Engine\Utility\Codes\Shader_Ahglan.fx
  .\Engine\Utility\Codes\Shader_Blend.fx
  .\Engine\Utility\Codes\Shader_Boss_Hpbar.fx
  .\Engine\Utility\Codes\Shader_DamageFont.fx
  .\Engine\Utility\Codes\Shader_FadeInOut.fx
  .\Engine\Utility\Codes\Shader_Loading_Progress.fx
  .\Engine\Utility\Codes\Shader_Mesh.fx
  .\Engine\Utility\Codes\Shader_Normal.fx
  .\Engine\Utility\Codes\Shader_Player.fx
  .\Engine\Utility\Codes\Shader_Player_Hpbar.fx
  .\Engine\Utility\Codes\Shader_Sample.fx
  .\Engine\Utility\Codes\Shader_Shade.fx
  .\Engine\Utility\Codes\Shader_StageMesh.fx
  .\Engine\Utility\Codes\Shader_Terrain.fx
  .\Engine\Utility\Codes\Shader_UI.fx
         15개 파일이 복사되었습니다.
          1개 파일이 복사되었습니다.
          1개 파일이 복사되었습니다.
          1개 파일이 복사되었습니다.
  .\Engine\Headers\Engine_Define.h
  .\Engine\Headers\Engine_Enum.h
  .\Engine\Headers\Engine_Function.h
  .\Engine\Headers\Engine_Macro.h
  .\Engine\Headers\Engine_Struct.h
  .\Engine\Headers\Engine_Typedef.h
  .\Engine\Headers\Export_Function.h
  .\Engine\Headers\Export_System.h
  .\Engine\Headers\Export_Utility.h
          9개 파일이 복사되었습니다.
  .\Engine\Headers\Export_System.inl
  .\Engine\Headers\Export_Utility.inl
          2개 파일이 복사되었습니다.
