  TimerMgr.cpp
  Timer.cpp
  KeyMgr.cpp
  InputDev.cpp
  GraphicDev.cpp
  FrameMgr.cpp
  Frame.cpp
  FontMgr.cpp
  Font.cpp
  코드를 생성하고 있습니다...
  System.vcxproj -> C:\Users\USER\Desktop\MH_Project\MH_Project\Engine\System\Include\../Bin\System.dll
  System.vcxproj -> ../Bin\System.pdb (Full PDB)
  .\Engine\System\Codes\Font.h
  .\Engine\System\Codes\FontMgr.h
  .\Engine\System\Codes\Frame.h
  .\Engine\System\Codes\FrameMgr.h
  .\Engine\System\Codes\GraphicDev.h
  .\Engine\System\Codes\InputDev.h
  .\Engine\System\Codes\KeyMgr.h
  .\Engine\System\Codes\Timer.h
  .\Engine\System\Codes\TimerMgr.h
          9개 파일이 복사되었습니다.
          1개 파일이 복사되었습니다.
          1개 파일이 복사되었습니다.
          1개 파일이 복사되었습니다.
  .\Engine\Headers\Engine_Define.h
  .\Engine\Headers\Engine_Enum.h
  .\Engine\Headers\Engine_Function.h
  .\Engine\Headers\Engine_Macro.h
  .\Engine\Headers\Engine_Struct.h
  .\Engine\Headers\Engine_Typedef.h
  .\Engine\Headers\Export_Function.h
  .\Engine\Headers\Export_System.h
  .\Engine\Headers\Export_Utility.h
          9개 파일이 복사되었습니다.
  .\Engine\Headers\Export_System.inl
  .\Engine\Headers\Export_Utility.inl
          2개 파일이 복사되었습니다.
